This is pdfTeX, Version 3.14159265-2.6-1.40.17 (TeX Live 2016/Debian) (preloaded format=pdflatex 2017.7.11)  26 OCT 2017 12:12
entering extended mode
 restricted \write18 enabled.
 %&-line parsing enabled.
**Smykova.tex
(./Smykova.tex
LaTeX2e <2017/01/01> patch level 3
Babel <3.9r> and hyphenation patterns for 83 language(s) loaded.
(/usr/share/texlive/texmf-dist/tex/latex/base/book.cls
Document Class: book 2014/09/29 v1.4h Standard LaTeX document class
(/usr/share/texlive/texmf-dist/tex/latex/base/bk12.clo
File: bk12.clo 2014/09/29 v1.4h Standard LaTeX file (size option)
)
\c@part=\count79
\c@chapter=\count80
\c@section=\count81
\c@subsection=\count82
\c@subsubsection=\count83
\c@paragraph=\count84
\c@subparagraph=\count85
\c@figure=\count86
\c@table=\count87
\abovecaptionskip=\skip41
\belowcaptionskip=\skip42
\bibindent=\dimen102
)
\@input{format-izv.aux}
\openout2 = `format-izv.aux'.

(./format-izv.tex (/usr/share/texlive/texmf-dist/tex/latex/base/inputenc.sty
Package: inputenc 2015/03/17 v1.2c Input encoding file
\inpenc@prehook=\toks14
\inpenc@posthook=\toks15

(/usr/share/texlive/texmf-dist/tex/latex/cyrillic/cp1251.def
File: cp1251.def 2014/10/28 v1.0d Input encoding file
))
(/usr/share/texlive/texmf-dist/tex/latex/amscls/amsthm.sty
Package: amsthm 2015/03/04 v2.20.2
\thm@style=\toks16
\thm@bodyfont=\toks17
\thm@headfont=\toks18
\thm@notefont=\toks19
\thm@headpunct=\toks20
\thm@preskip=\skip43
\thm@postskip=\skip44
\thm@headsep=\skip45
\dth@everypar=\toks21
)
(/usr/share/texlive/texmf-dist/tex/latex/amsmath/amsmath.sty
Package: amsmath 2016/11/05 v2.16a AMS math features
\@mathmargin=\skip46

For additional information on amsmath, use the `?' option.
(/usr/share/texlive/texmf-dist/tex/latex/amsmath/amstext.sty
Package: amstext 2000/06/29 v2.01 AMS text

(/usr/share/texlive/texmf-dist/tex/latex/amsmath/amsgen.sty
File: amsgen.sty 1999/11/30 v2.0 generic functions
\@emptytoks=\toks22
\ex@=\dimen103
))
(/usr/share/texlive/texmf-dist/tex/latex/amsmath/amsbsy.sty
Package: amsbsy 1999/11/29 v1.2d Bold Symbols
\pmbraise@=\dimen104
)
(/usr/share/texlive/texmf-dist/tex/latex/amsmath/amsopn.sty
Package: amsopn 2016/03/08 v2.02 operator names
)
\inf@bad=\count88
LaTeX Info: Redefining \frac on input line 213.
\uproot@=\count89
\leftroot@=\count90
LaTeX Info: Redefining \overline on input line 375.
\classnum@=\count91
\DOTSCASE@=\count92
LaTeX Info: Redefining \ldots on input line 472.
LaTeX Info: Redefining \dots on input line 475.
LaTeX Info: Redefining \cdots on input line 596.
\Mathstrutbox@=\box26
\strutbox@=\box27
\big@size=\dimen105
LaTeX Font Info:    Redeclaring font encoding OML on input line 712.
LaTeX Font Info:    Redeclaring font encoding OMS on input line 713.
\macc@depth=\count93
\c@MaxMatrixCols=\count94
\dotsspace@=\muskip10
\c@parentequation=\count95
\dspbrk@lvl=\count96
\tag@help=\toks23
\row@=\count97
\column@=\count98
\maxfields@=\count99
\andhelp@=\toks24
\eqnshift@=\dimen106
\alignsep@=\dimen107
\tagshift@=\dimen108
\tagwidth@=\dimen109
\totwidth@=\dimen110
\lineht@=\dimen111
\@envbody=\toks25
\multlinegap=\skip47
\multlinetaggap=\skip48
\mathdisplay@stack=\toks26
LaTeX Info: Redefining \[ on input line 2817.
LaTeX Info: Redefining \] on input line 2818.
)
(/usr/share/texlive/texmf-dist/tex/latex/amsfonts/amssymb.sty
Package: amssymb 2013/01/14 v3.01 AMS font symbols

(/usr/share/texlive/texmf-dist/tex/latex/amsfonts/amsfonts.sty
Package: amsfonts 2013/01/14 v3.01 Basic AMSFonts support
\symAMSa=\mathgroup4
\symAMSb=\mathgroup5
LaTeX Font Info:    Overwriting math alphabet `\mathfrak' in version `bold'
(Font)                  U/euf/m/n --> U/euf/b/n on input line 106.
))
(/usr/share/texlive/texmf-dist/tex/latex/t2/mathtext.sty
Package: mathtext 1999/01/28 v1.0 transparent text-and-math defs
LaTeX Info: Redefining \halign on input line 111.
)
(/usr/share/texlive/texmf-dist/tex/latex/jknapltx/mathrsfs.sty
Package: mathrsfs 1996/01/01 Math RSFS package v1.0 (jk)
\symrsfs=\mathgroup6
)
(/usr/share/texlive/texmf-dist/tex/latex/cite/cite.sty
LaTeX Info: Redefining \cite on input line 302.
LaTeX Info: Redefining \nocite on input line 332.
Package: cite 2015/02/27  v 5.5
)
(/usr/share/texlive/texmf-dist/tex/latex/graphics/graphicx.sty
Package: graphicx 2014/10/28 v1.0g Enhanced LaTeX Graphics (DPC,SPQR)

(/usr/share/texlive/texmf-dist/tex/latex/graphics/keyval.sty
Package: keyval 2014/10/28 v1.15 key=value parser (DPC)
\KV@toks@=\toks27
)
(/usr/share/texlive/texmf-dist/tex/latex/graphics/graphics.sty
Package: graphics 2016/10/09 v1.0u Standard LaTeX Graphics (DPC,SPQR)

(/usr/share/texlive/texmf-dist/tex/latex/graphics/trig.sty
Package: trig 2016/01/03 v1.10 sin cos tan (DPC)
)
(/usr/share/texlive/texmf-dist/tex/latex/graphics-cfg/graphics.cfg
File: graphics.cfg 2016/06/04 v1.11 sample graphics configuration
)
Package graphics Info: Driver file: pdftex.def on input line 99.

(/usr/share/texlive/texmf-dist/tex/latex/graphics-def/pdftex.def
File: pdftex.def 2017/01/12 v0.06k Graphics/color for pdfTeX

(/usr/share/texlive/texmf-dist/tex/generic/oberdiek/infwarerr.sty
Package: infwarerr 2016/05/16 v1.4 Providing info/warning/error messages (HO)
)
(/usr/share/texlive/texmf-dist/tex/generic/oberdiek/ltxcmds.sty
Package: ltxcmds 2016/05/16 v1.23 LaTeX kernel commands for general use (HO)
)
\Gread@gobject=\count100
))
\Gin@req@height=\dimen112
\Gin@req@width=\dimen113
)
(/usr/share/texlive/texmf-dist/tex/generic/xypic/xypic.sty
(/usr/share/texlive/texmf-dist/tex/generic/xypic/xy.sty
(/usr/share/texlive/texmf-dist/tex/generic/xypic/xy.tex Bootstrap'ing:
catcodes, docmode, (/usr/share/texlive/texmf-dist/tex/generic/xypic/xyrecat.tex
) (/usr/share/texlive/texmf-dist/tex/generic/xypic/xyidioms.tex)

 Xy-pic version 3.8.9 <2013/10/06>
 Copyright (c) 1991-2013 by Kristoffer H. Rose <krisrose@tug.org> and others
 Xy-pic is free software: see the User's Guide for details.

Loading kernel: messages; fonts; allocations: state,
\X@c=\dimen114
\Y@c=\dimen115
\U@c=\dimen116
\D@c=\dimen117
\L@c=\dimen118
\R@c=\dimen119
\Edge@c=\toks28
\X@p=\dimen120
\Y@p=\dimen121
\U@p=\dimen122
\D@p=\dimen123
\L@p=\dimen124
\R@p=\dimen125
\Edge@p=\toks29
\X@origin=\dimen126
\Y@origin=\dimen127
\X@xbase=\dimen128
\Y@xbase=\dimen129
\X@ybase=\dimen130
\Y@ybase=\dimen131
\X@min=\dimen132
\Y@min=\dimen133
\X@max=\dimen134
\Y@max=\dimen135
\lastobjectbox@=\box28
\zerodotbox@=\box29
\almostz@=\dimen136
 direction,
\d@X=\dimen137
\d@Y=\dimen138
\K@=\count101
\KK@=\count102
\Direction=\count103
\K@dXdY=\dimen139
\K@dYdX=\dimen140
\xyread@=\read1
\xywrite@=\write3
\csp@=\count104
\quotPTK@=\dimen141

utility macros; pictures: \xy, positions,
\swaptoks@@=\toks30
\connectobjectbox@@=\box30
 objects,
\styletoks@=\toks31
 decorations;
kernel objects: directionals, circles, text; options; algorithms: directions,
edges, connections;  Xy-pic loaded)
(/usr/share/texlive/texmf-dist/tex/generic/oberdiek/ifpdf.sty
Package: ifpdf 2016/05/14 v3.1 Provides the ifpdf switch
)

LaTeX Warning: You have requested package `xypic',
               but the package provides `xy'.

Package: xy 2013/10/06 Xy-pic version 3.8.9
(/usr/share/texlive/texmf-dist/tex/generic/xypic/xypdf.tex
 Xy-pic option: PDF driver v.1.7 loaded))
(/usr/share/texlive/texmf-dist/tex/generic/xypic/xyv2.tex
 Xy-pic option: Version 2 Compatibility v.3.8

Xy-pic Warning: `\stop' redefined.

(/usr/share/texlive/texmf-dist/tex/generic/xypic/xyframe.tex
 Xy-pic option: Frame and Bracket extension v.3.14 loaded)
Xy-pic pdf driver: `frame' extension support
(/usr/share/texlive/texmf-dist/tex/generic/xypic/xypdf-fr.tex
(/usr/share/texlive/texmf-dist/tex/generic/xypic/xycurve.tex
 Xy-pic option: Curve and Spline extension v.3.12 curve,
\crv@cnt@=\count105
\crvpts@=\toks32
\splinebox@=\box31
\splineval@=\dimen142
\splinedepth@=\dimen143
\splinetol@=\dimen144
\splinelength@=\dimen145
 circles,
\L@=\dimen146
 loaded)
Xy-pic pdf driver: `curve' extension support
(/usr/share/texlive/texmf-dist/tex/generic/xypic/xypdf-cu.tex loaded) loaded)
(/usr/share/texlive/texmf-dist/tex/generic/xypic/xymatrix.tex
 Xy-pic option: Matrix feature v.3.14
\Row=\count106
\Col=\count107
\queue@=\toks33
\queue@@=\toks34
\qcount@=\count108
\qcount@@=\count109
\matrixsize@=\count110
 loaded)
(/usr/share/texlive/texmf-dist/tex/generic/xypic/xyarrow.tex
 Xy-pic option: Arrow and Path feature v.3.9 path, \ar, loaded) loaded))
(/usr/share/texlive/texmf-dist/tex/latex/eepic/epic.sty
Enhancements to Picture Environment. Version 1.2 - Released June 1, 1986
\@@multicnt=\count111
\d@lta=\count112
\@delta=\dimen147
\@@delta=\dimen148
\@gridcnt=\count113
\@joinkind=\count114
\@dotgap=\dimen149
\@ddotgap=\dimen150
\@x@diff=\count115
\@y@diff=\count116
\x@diff=\dimen151
\y@diff=\dimen152
\@dotbox=\box32
\num@segments=\count117
\num@segmentsi=\count118
\@datafile=\read2
) (/usr/share/texlive/texmf-dist/tex/generic/babel/babel.sty
Package: babel 2016/04/23 3.9r The Babel package

(/usr/share/texlive/texmf-dist/tex/generic/babel-english/english.ldf
Language: english 2012/08/20 v3.3p English support from the babel system

(/usr/share/texlive/texmf-dist/tex/generic/babel/babel.def
File: babel.def 2016/04/23 3.9r Babel common definitions
\babel@savecnt=\count119
\U@D=\dimen153
)
\l@canadian = a dialect from \language\l@american 
\l@australian = a dialect from \language\l@british 
\l@newzealand = a dialect from \language\l@british 
)
(/usr/share/texlive/texmf-dist/tex/generic/babel-russian/russianb.ldf
Language: russianb 2017/01/12 1.3i Russian support for the Babel system


Package babel Warning: No Cyrillic font encoding has been loaded so far.
(babel)                A font encoding should be declared before babel.
(babel)                Default `T2A' encoding will be loaded  on input line 69.


(/usr/share/texlive/texmf-dist/tex/latex/cyrillic/t2aenc.def
File: t2aenc.def 2005/09/27 v1.0i Cyrillic encoding definition file
\symT2Aletters=\mathgroup7
)
Package babel Info: Making " an active character on input line 111.
))
(/usr/share/texlive/texmf-dist/tex/latex/tools/multicol.sty
Package: multicol 2016/04/07 v1.8p multicolumn formatting (FMi)
\c@tracingmulticols=\count120
\mult@box=\box33
\multicol@leftmargin=\dimen154
\c@unbalance=\count121
\c@collectmore=\count122
\doublecol@number=\count123
\multicoltolerance=\count124
\multicolpretolerance=\count125
\full@width=\dimen155
\page@free=\dimen156
\premulticols=\dimen157
\postmulticols=\dimen158
\multicolsep=\skip49
\multicolbaselineskip=\skip50
\partial@page=\box34
\last@line=\box35
\maxbalancingoverflow=\dimen159
\mult@rightbox=\box36
\mult@grightbox=\box37
\mult@gfirstbox=\box38
\mult@firstbox=\box39
\@tempa=\box40
\@tempa=\box41
\@tempa=\box42
\@tempa=\box43
\@tempa=\box44
\@tempa=\box45
\@tempa=\box46
\@tempa=\box47
\@tempa=\box48
\@tempa=\box49
\@tempa=\box50
\@tempa=\box51
\@tempa=\box52
\@tempa=\box53
\@tempa=\box54
\@tempa=\box55
\@tempa=\box56
\c@columnbadness=\count126
\c@finalcolumnbadness=\count127
\last@try=\dimen160
\multicolovershoot=\dimen161
\multicolundershoot=\dimen162
\mult@nat@firstbox=\box57
\colbreak@box=\box58
\mc@col@check@num=\count128
)
(/usr/share/texlive/texmf-dist/tex/latex/tools/longtable.sty
Package: longtable 2014/10/28 v4.11 Multi-page Table package (DPC)
\LTleft=\skip51
\LTright=\skip52
\LTpre=\skip53
\LTpost=\skip54
\LTchunksize=\count129
\LTcapwidth=\dimen163
\LT@head=\box59
\LT@firsthead=\box60
\LT@foot=\box61
\LT@lastfoot=\box62
\LT@cols=\count130
\LT@rows=\count131
\c@LT@tables=\count132
\c@LT@chunks=\count133
\LT@p@ftn=\toks35
)
(/usr/share/texlive/texmf-dist/tex/latex/geometry/geometry.sty
Package: geometry 2010/09/12 v5.6 Page Geometry

(/usr/share/texlive/texmf-dist/tex/generic/oberdiek/ifvtex.sty
Package: ifvtex 2016/05/16 v1.6 Detect VTeX and its facilities (HO)
Package ifvtex Info: VTeX not detected.
)
(/usr/share/texlive/texmf-dist/tex/generic/ifxetex/ifxetex.sty
Package: ifxetex 2010/09/12 v0.6 Provides ifxetex conditional
)
\Gm@cnth=\count134
\Gm@cntv=\count135
\c@Gm@tempcnt=\count136
\Gm@bindingoffset=\dimen164
\Gm@wd@mp=\dimen165
\Gm@odd@mp=\dimen166
\Gm@even@mp=\dimen167
\Gm@layoutwidth=\dimen168
\Gm@layoutheight=\dimen169
\Gm@layouthoffset=\dimen170
\Gm@layoutvoffset=\dimen171
\Gm@dimlist=\toks36
)
(/usr/share/texlive/texmf-dist/tex/latex/fancyhdr/fancyhdr.sty
Package: fancyhdr 2016/09/06 3.8 Extensive control of page headers and footers
\fancy@headwidth=\skip55
\f@ncyO@elh=\skip56
\f@ncyO@erh=\skip57
\f@ncyO@olh=\skip58
\f@ncyO@orh=\skip59
\f@ncyO@elf=\skip60
\f@ncyO@erf=\skip61
\f@ncyO@olf=\skip62
\f@ncyO@orf=\skip63
)
\realparindent=\skip64
)
\c@theorem=\count137
\c@lemma=\count138
\c@corollary=\count139
\c@prop=\count140
\c@propos=\count141
\c@problem=\count142
\c@Theorem=\count143
\c@hypothesis=\count144
\c@Etheorem=\count145
\c@Eproposition=\count146
\c@Corollary=\count147
\c@Lemma=\count148
\c@theoremb=\count149

(/usr/share/texlive/texmf-dist/tex/latex/graphics/color.sty
Package: color 2016/07/10 v1.1e Standard LaTeX Color (DPC)

(/usr/share/texlive/texmf-dist/tex/latex/graphics-cfg/color.cfg
File: color.cfg 2016/01/02 v1.6 sample color configuration
)
Package color Info: Driver file: pdftex.def on input line 147.
)
\c@Example=\count150

(/usr/share/texlive/texmf-dist/tex/latex/listings/listings.sty
\lst@mode=\count151
\lst@gtempboxa=\box63
\lst@token=\toks37
\lst@length=\count152
\lst@currlwidth=\dimen172
\lst@column=\count153
\lst@pos=\count154
\lst@lostspace=\dimen173
\lst@width=\dimen174
\lst@newlines=\count155
\lst@lineno=\count156
\lst@maxwidth=\dimen175

(/usr/share/texlive/texmf-dist/tex/latex/listings/lstmisc.sty
File: lstmisc.sty 2015/06/04 1.6 (Carsten Heinz)
\c@lstnumber=\count157
\lst@skipnumbers=\count158
\lst@framebox=\box64
)
(/usr/share/texlive/texmf-dist/tex/latex/listings/listings.cfg
File: listings.cfg 2015/06/04 1.6 listings configuration
))
Package: listings 2015/06/04 1.6 (Carsten Heinz)

(/usr/share/texlive/texmf-dist/tex/latex/hyperref/hyperref.sty
Package: hyperref 2016/06/24 v6.83q Hypertext links for LaTeX

(/usr/share/texlive/texmf-dist/tex/generic/oberdiek/hobsub-hyperref.sty
Package: hobsub-hyperref 2016/05/16 v1.14 Bundle oberdiek, subset hyperref (HO)


(/usr/share/texlive/texmf-dist/tex/generic/oberdiek/hobsub-generic.sty
Package: hobsub-generic 2016/05/16 v1.14 Bundle oberdiek, subset generic (HO)
Package: hobsub 2016/05/16 v1.14 Construct package bundles (HO)
Package hobsub Info: Skipping package `infwarerr' (already loaded).
Package hobsub Info: Skipping package `ltxcmds' (already loaded).
Package: ifluatex 2016/05/16 v1.4 Provides the ifluatex switch (HO)
Package ifluatex Info: LuaTeX not detected.
Package hobsub Info: Skipping package `ifvtex' (already loaded).
Package: intcalc 2016/05/16 v1.2 Expandable calculations with integers (HO)
Package hobsub Info: Skipping package `ifpdf' (already loaded).
Package: etexcmds 2016/05/16 v1.6 Avoid name clashes with e-TeX commands (HO)
Package etexcmds Info: Could not find \expanded.
(etexcmds)             That can mean that you are not using pdfTeX 1.50 or
(etexcmds)             that some package has redefined \expanded.
(etexcmds)             In the latter case, load this package earlier.
Package: kvsetkeys 2016/05/16 v1.17 Key value parser (HO)
Package: kvdefinekeys 2016/05/16 v1.4 Define keys (HO)
Package: pdftexcmds 2016/05/21 v0.22 Utility functions of pdfTeX for LuaTeX (HO
)
Package pdftexcmds Info: LuaTeX not detected.
Package pdftexcmds Info: \pdf@primitive is available.
Package pdftexcmds Info: \pdf@ifprimitive is available.
Package pdftexcmds Info: \pdfdraftmode found.
Package: pdfescape 2016/05/16 v1.14 Implements pdfTeX's escape features (HO)
Package: bigintcalc 2016/05/16 v1.4 Expandable calculations on big integers (HO
)
Package: bitset 2016/05/16 v1.2 Handle bit-vector datatype (HO)
Package: uniquecounter 2016/05/16 v1.3 Provide unlimited unique counter (HO)
)
Package hobsub Info: Skipping package `hobsub' (already loaded).
Package: letltxmacro 2016/05/16 v1.5 Let assignment for LaTeX macros (HO)
Package: hopatch 2016/05/16 v1.3 Wrapper for package hooks (HO)
Package: xcolor-patch 2016/05/16 xcolor patch
Package: atveryend 2016/05/16 v1.9 Hooks at the very end of document (HO)
Package atveryend Info: \enddocument detected (standard20110627).
Package: atbegshi 2016/06/09 v1.18 At begin shipout hook (HO)
Package: refcount 2016/05/16 v3.5 Data extraction from label references (HO)
Package: hycolor 2016/05/16 v1.8 Color options for hyperref/bookmark (HO)
)
(/usr/share/texlive/texmf-dist/tex/latex/oberdiek/auxhook.sty
Package: auxhook 2016/05/16 v1.4 Hooks for auxiliary files (HO)
)
(/usr/share/texlive/texmf-dist/tex/latex/oberdiek/kvoptions.sty
Package: kvoptions 2016/05/16 v3.12 Key value format for package options (HO)
)
\@linkdim=\dimen176
\Hy@linkcounter=\count159
\Hy@pagecounter=\count160

(/usr/share/texlive/texmf-dist/tex/latex/hyperref/pd1enc.def
File: pd1enc.def 2016/06/24 v6.83q Hyperref: PDFDocEncoding definition (HO)
\symPD1letters=\mathgroup8
)
\Hy@SavedSpaceFactor=\count161
Package hyperref Info: Option `unicode' set `true' on input line 3453.

(/usr/share/texlive/texmf-dist/tex/latex/hyperref/puenc.def
File: puenc.def 2016/06/24 v6.83q Hyperref: PDF Unicode definition (HO)
\symPUletters=\mathgroup9
)
(/usr/share/texlive/texmf-dist/tex/latex/latexconfig/hyperref.cfg
File: hyperref.cfg 2002/06/06 v1.2 hyperref configuration of TeXLive
)
Package hyperref Info: Hyper figures OFF on input line 4486.
Package hyperref Info: Link nesting OFF on input line 4491.
Package hyperref Info: Hyper index ON on input line 4494.
Package hyperref Info: Plain pages OFF on input line 4501.
Package hyperref Info: Backreferencing OFF on input line 4506.
Package hyperref Info: Implicit mode ON; LaTeX internals redefined.
Package hyperref Info: Bookmarks ON on input line 4735.
\c@Hy@tempcnt=\count162

(/usr/share/texlive/texmf-dist/tex/latex/url/url.sty
\Urlmuskip=\muskip11
Package: url 2013/09/16  ver 3.4  Verb mode for urls, etc.
)
LaTeX Info: Redefining \url on input line 5088.
\XeTeXLinkMargin=\dimen177
\Fld@menulength=\count163
\Field@Width=\dimen178
\Fld@charsize=\dimen179
Package hyperref Info: Hyper figures OFF on input line 6342.
Package hyperref Info: Link nesting OFF on input line 6347.
Package hyperref Info: Hyper index ON on input line 6350.
Package hyperref Info: backreferencing OFF on input line 6357.
Package hyperref Info: Link coloring OFF on input line 6362.
Package hyperref Info: Link coloring with OCG OFF on input line 6367.
Package hyperref Info: PDF/A mode OFF on input line 6372.
LaTeX Info: Redefining \ref on input line 6412.
LaTeX Info: Redefining \pageref on input line 6416.
\Hy@abspage=\count164
\c@Item=\count165
\c@Hfootnote=\count166
)

Package hyperref Message: Driver (autodetected): hpdftex.

(/usr/share/texlive/texmf-dist/tex/latex/hyperref/hpdftex.def
File: hpdftex.def 2016/06/24 v6.83q Hyperref driver for pdfTeX
\Fld@listcount=\count167
\c@bookmark@seq@number=\count168

(/usr/share/texlive/texmf-dist/tex/latex/oberdiek/rerunfilecheck.sty
Package: rerunfilecheck 2016/05/16 v1.8 Rerun checks for auxiliary files (HO)
Package uniquecounter Info: New unique counter `rerunfilecheck' on input line 2
82.
)
\Hy@SectionHShift=\skip65
)

! LaTeX Error: Undefined color model `HTML'.

See the LaTeX manual or LaTeX Companion for explanation.
Type  H <return>  for immediate help.
 ...                                              
                                                  
l.30 \definecolor{linkcolor}{HTML}{000000}
                                           % цвет ссылок
? 

! LaTeX Error: Undefined color model `HTML'.

See the LaTeX manual or LaTeX Companion for explanation.
Type  H <return>  for immediate help.
 ...                                              
                                                  
l.31 \definecolor{urlcolor}{HTML}{000000}
                                          % цвет гиперссылок
? 
Package hyperref Info: Option `colorlinks' set `true' on input line 62.
\c@theoremnn=\count169
\c@lemmann=\count170
\c@corollarynn=\count171
\c@propnn=\count172
\c@proposnn=\count173
\c@hypothesisnn=\count174
\c@definitionn=\count175
\c@remarknn=\count176
\c@examplenn=\count177
\c@definition=\count178
\c@remark=\count179
\c@example=\count180
\c@Remark=\count181
\c@Question=\count182
\c@Definition=\count183
(./Smykova.aux
LaTeX Font Info:    Try loading font information for T2A+cmr on input line 20.
 (/usr/share/texlive/texmf-dist/tex/latex/cyrillic/t2acmr.fd
File: t2acmr.fd 2001/08/11 v1.0a Computer Modern Cyrillic font definitions
))
\openout1 = `Smykova.aux'.

LaTeX Font Info:    Checking defaults for OML/cmm/m/it on input line 110.
LaTeX Font Info:    ... okay on input line 110.
LaTeX Font Info:    Checking defaults for T1/cmr/m/n on input line 110.
LaTeX Font Info:    ... okay on input line 110.
LaTeX Font Info:    Checking defaults for OT1/cmr/m/n on input line 110.
LaTeX Font Info:    ... okay on input line 110.
LaTeX Font Info:    Checking defaults for OMS/cmsy/m/n on input line 110.
LaTeX Font Info:    ... okay on input line 110.
LaTeX Font Info:    Checking defaults for OMX/cmex/m/n on input line 110.
LaTeX Font Info:    ... okay on input line 110.
LaTeX Font Info:    Checking defaults for U/cmr/m/n on input line 110.
LaTeX Font Info:    ... okay on input line 110.
LaTeX Font Info:    Checking defaults for T2A/cmr/m/n on input line 110.
LaTeX Font Info:    ... okay on input line 110.
LaTeX Font Info:    Checking defaults for PD1/pdf/m/n on input line 110.
LaTeX Font Info:    ... okay on input line 110.
LaTeX Font Info:    Checking defaults for PU/pdf/m/n on input line 110.
LaTeX Font Info:    ... okay on input line 110.

(/usr/share/texlive/texmf-dist/tex/context/base/mkii/supp-pdf.mkii
[Loading MPS to PDF converter (version 2006.09.02).]
\scratchcounter=\count184
\scratchdimen=\dimen180
\scratchbox=\box65
\nofMPsegments=\count185
\nofMParguments=\count186
\everyMPshowfont=\toks38
\MPscratchCnt=\count187
\MPscratchDim=\dimen181
\MPnumerator=\count188
\makeMPintoPDFobject=\count189
\everyMPtoPDFconversion=\toks39
) (/usr/share/texlive/texmf-dist/tex/latex/oberdiek/epstopdf-base.sty
Package: epstopdf-base 2016/05/15 v2.6 Base part for package epstopdf

(/usr/share/texlive/texmf-dist/tex/latex/oberdiek/grfext.sty
Package: grfext 2016/05/16 v1.2 Manage graphics extensions (HO)
)
Package epstopdf-base Info: Redefining graphics rule for `.eps' on input line 4
38.
Package grfext Info: Graphics extension search list:
(grfext)             [.png,.pdf,.jpg,.mps,.jpeg,.jbig2,.jb2,.PNG,.PDF,.JPG,.JPE
G,.JBIG2,.JB2,.eps]
(grfext)             \AppendGraphicsExtensions on input line 456.

(/usr/share/texlive/texmf-dist/tex/latex/latexconfig/epstopdf-sys.cfg
File: epstopdf-sys.cfg 2010/07/13 v1.3 Configuration of (r)epstopdf for TeX Liv
e
))
LaTeX Font Info:    Try loading font information for U+msa on input line 110.

(/usr/share/texlive/texmf-dist/tex/latex/amsfonts/umsa.fd
File: umsa.fd 2013/01/14 v3.01 AMS symbols A
)
LaTeX Font Info:    Try loading font information for U+msb on input line 110.

(/usr/share/texlive/texmf-dist/tex/latex/amsfonts/umsb.fd
File: umsb.fd 2013/01/14 v3.01 AMS symbols B
)
LaTeX Font Info:    Try loading font information for U+rsfs on input line 110.

(/usr/share/texlive/texmf-dist/tex/latex/jknapltx/ursfs.fd
File: ursfs.fd 1998/03/24 rsfs font definition file (jk)
)
LaTeX Font Info:    Try loading font information for PD1+cmr on input line 110.

LaTeX Font Info:    No file PD1cmr.fd. on input line 110.


LaTeX Font Warning: Font shape `PD1/cmr/m/n' undefined
(Font)              using `PD1/pdf/m/n' instead on input line 110.

LaTeX Font Info:    Try loading font information for PU+cmr on input line 110.
LaTeX Font Info:    No file PUcmr.fd. on input line 110.

LaTeX Font Warning: Font shape `PU/cmr/m/n' undefined
(Font)              using `PU/pdf/m/n' instead on input line 110.

Package xypdf Info: Line width: 0.47998pt on input line 110.
*geometry* driver: auto-detecting
*geometry* detected driver: pdftex
*geometry* verbose mode - [ preamble ] result:
* driver: pdftex
* paper: <default>
* layout: <same size as paper>
* layoutoffset:(h,v)=(0.0pt,0.0pt)
* modes: twoside 
* h-part:(L,W,R)=(99.58464pt, 472.03123pt, 42.67912pt)
* v-part:(T,H,B)=(85.35826pt, 652.70622pt, 56.9055pt)
* \paperwidth=614.295pt
* \paperheight=794.96999pt
* \textwidth=472.03123pt
* \textheight=652.70622pt
* \oddsidemargin=27.31465pt
* \evensidemargin=-29.59087pt
* \topmargin=-18.78552pt
* \headheight=12.0pt
* \headsep=14.22636pt
* \topskip=12.0pt
* \footskip=30.0pt
* \marginparwidth=98.0pt
* \marginparsep=7.0pt
* \columnsep=10.0pt
* \skip\footins=10.8pt plus 4.0pt minus 2.0pt
* \hoffset=0.0pt
* \voffset=0.0pt
* \mag=1000
* \@twocolumnfalse
* \@twosidetrue
* \@mparswitchtrue
* \@reversemarginfalse
* (1in=72.27pt=25.4mm, 1cm=28.453pt)

\c@lstlisting=\count190
\AtBeginShipoutBox=\box66
Package hyperref Info: Link coloring ON on input line 110.
(/usr/share/texlive/texmf-dist/tex/latex/hyperref/nameref.sty
Package: nameref 2016/05/21 v2.44 Cross-referencing by name of section

(/usr/share/texlive/texmf-dist/tex/generic/oberdiek/gettitlestring.sty
Package: gettitlestring 2016/05/16 v1.5 Cleanup title references (HO)
)
\c@section@level=\count191
)
LaTeX Info: Redefining \ref on input line 110.
LaTeX Info: Redefining \pageref on input line 110.
LaTeX Info: Redefining \nameref on input line 110.

(./Smykova.out) (./Smykova.out)
\@outlinefile=\write4
\openout4 = `Smykova.out'.

LaTeX Font Info:    Try loading font information for T2A+cmss on input line 115
.

(/usr/share/texlive/texmf-dist/tex/latex/cyrillic/t2acmss.fd
File: t2acmss.fd 2001/08/11 v1.0a Computer Modern Cyrillic font definitions
)
LaTeX Font Info:    Calculating math sizes for size <11> on input line 120.


LaTeX Font Warning: Font shape `OT1/cmr/m/n' in size <5.5> not available
(Font)              size <5> substituted on input line 120.


LaTeX Font Warning: Font shape `OML/cmm/m/it' in size <5.5> not available
(Font)              size <5> substituted on input line 120.


LaTeX Font Warning: Font shape `OMS/cmsy/m/n' in size <5.5> not available
(Font)              size <5> substituted on input line 120.


LaTeX Font Warning: Font shape `U/rsfs/m/n' in size <5.5> not available
(Font)              size <5> substituted on input line 120.


LaTeX Font Warning: Font shape `T2A/cmr/m/n' in size <5.5> not available
(Font)              size <5> substituted on input line 120.

Package babel Info: Redefining russian shorthand "|
(babel)             in language  on input line 137.
Package babel Info: Redefining russian shorthand "~
(babel)             in language  on input line 137.
LaTeX Font Info:    Try loading font information for OMS+cmr on input line 142.

(/usr/share/texlive/texmf-dist/tex/latex/base/omscmr.fd
File: omscmr.fd 2014/09/29 v2.5h Standard LaTeX font definitions
)
LaTeX Font Info:    Font shape `OMS/cmr/m/n' in size <12> not available
(Font)              Font shape `OMS/cmsy/m/n' tried instead on input line 142.


! LaTeX Error: Undefined color `urlcolor'.

See the LaTeX manual or LaTeX Companion for explanation.
Type  H <return>  for immediate help.
 ...                                              
                                                  
l.142 ....wikidata.org/wiki/Q6256}{страна (Q6256)}
                                                  ,
? 

! LaTeX Error: Undefined color `urlcolor'.

See the LaTeX manual or LaTeX Companion for explanation.
Type  H <return>  for immediate help.
 ...                                              
                                                  
l.143 ...a.org/wiki/Property:P31}{экземпляр (P31)}
                                                  .
? 

! LaTeX Error: Undefined color `urlcolor'.

See the LaTeX manual or LaTeX Companion for explanation.
Type  H <return>  for immediate help.
 ...                                              
                                                  
l.156 ...ge%20%22en%22%20%7D%0A%7D}{SPARQL-запрос}
                                                  , 198 записей
? 

! LaTeX Error: Undefined color `urlcolor'.

See the LaTeX manual or LaTeX Companion for explanation.
Type  H <return>  for immediate help.
 ...                                              
                                                  
l.159 ....org/wiki/Q30}{Соединённые Штаты Америки}
                                                  ,
? 

! LaTeX Error: Undefined color `urlcolor'.

See the LaTeX manual or LaTeX Companion for explanation.
Type  H <return>  for immediate help.
 ...                                              
                                                  
l.160 ...ttps://www.wikidata.org/wiki/Q16}{Канада}
                                                  ,
? 

! LaTeX Error: Undefined color `urlcolor'.

See the LaTeX manual or LaTeX Companion for explanation.
Type  H <return>  for immediate help.
 ...                                              
                                                  
l.161 ...tps://www.wikidata.org/wiki/Q29}{Испания}
                                                  .
? 

! LaTeX Error: Undefined color `urlcolor'.

See the LaTeX manual or LaTeX Companion for explanation.
Type  H <return>  for immediate help.
 ...                                              
                                                  
l.164 ...ская Арабская Демократическая Республика}
                                                  ,
? 

! LaTeX Error: Undefined color `urlcolor'.

See the LaTeX manual or LaTeX Companion for explanation.
Type  H <return>  for immediate help.
 ...                                              
                                                  
l.165 ...2}{Приднестровская Молдавская Республика}
                                                  ,
? 

! LaTeX Error: Undefined color `urlcolor'.

See the LaTeX manual or LaTeX Companion for explanation.
Type  H <return>  for immediate help.
 ...                                              
                                                  
l.166 ...ps://www.wikidata.org/wiki/Q1246}{Косово}
                                                  .
? 
Package babel Info: Redefining russian shorthand "|
(babel)             in language  on input line 168.
Package babel Info: Redefining russian shorthand "~
(babel)             in language  on input line 168.

! LaTeX Error: Undefined color `urlcolor'.

See the LaTeX manual or LaTeX Companion for explanation.
Type  H <return>  for immediate help.
 ...                                              
                                                  
l.173 ....wikidata.org/wiki/Q6256}{страна (Q6256)}
                                                  ,
? 

Package Fancyhdr Warning: \headheight is too small (12.0pt): 
 Make it at least 27.11469pt.
 We now make it that large for the rest of the document.
 This may cause the page layout to be inconsistent, however.

Package babel Info: Redefining russian shorthand "|
(babel)             in language  on input line 174.
Package babel Info: Redefining russian shorthand "~
(babel)             in language  on input line 174.
Package babel Info: Redefining russian shorthand "|
(babel)             in language  on input line 174.
Package babel Info: Redefining russian shorthand "~
(babel)             in language  on input line 174.
[1{/var/lib/texmf/fonts/map/pdftex/updmap/pdftex.map}



]

! LaTeX Error: Undefined color `urlcolor'.

See the LaTeX manual or LaTeX Companion for explanation.
Type  H <return>  for immediate help.
 ...                                              
                                                  
l.174 ...iki/Property:P571}{дата основания (P571)}
                                                  .
? 

! LaTeX Error: Undefined color `urlcolor'.

See the LaTeX manual or LaTeX Companion for explanation.
Type  H <return>  for immediate help.
 ...                                              
                                                  
l.191 ...20BY%20%28%3Finception%29}{SPARQL-запрос}
                                                  , 112 записей.
? 

! LaTeX Error: Undefined color `urlcolor'.

See the LaTeX manual or LaTeX Companion for explanation.
Type  H <return>  for immediate help.
 ...                                              
                                                  
l.193 ...://www.wikidata.org/wiki/Q23334}{Абхазия}
                                                   -- 1 января 0786, \href{h...

? 

! LaTeX Error: Undefined color `urlcolor'.

See the LaTeX manual or LaTeX Companion for explanation.
Type  H <return>  for immediate help.
 ...                                              
                                                  
l.193 ...tps://www.wikidata.org/wiki/Q159}{Россия}
                                                   -- 1 января 0862, \href{h...

? 

! LaTeX Error: Undefined color `urlcolor'.

See the LaTeX manual or LaTeX Companion for explanation.
Type  H <return>  for immediate help.
 ...                                              
                                                  
l.193 ...ps://www.wikidata.org/wiki/Q1246}{Косово}
                                                   -- 17 февряля 2008, \href...

? 

! LaTeX Error: Undefined color `urlcolor'.

See the LaTeX manual or LaTeX Companion for explanation.
Type  H <return>  for immediate help.
 ...                                              
                                                  
l.193 .../www.wikidata.org/wiki/Q958}{Южный Судан}
                                                   -- 9 июля 2011.
? 
Package babel Info: Redefining russian shorthand "|
(babel)             in language  on input line 197.
Package babel Info: Redefining russian shorthand "~
(babel)             in language  on input line 197.

LaTeX Warning: Citation `oksm' on page 2 undefined on input line 201.


! LaTeX Error: Undefined color `urlcolor'.

See the LaTeX manual or LaTeX Companion for explanation.
Type  H <return>  for immediate help.
 ...                                              
                                                  
l.202 ...kidata.org/wiki/Q41137}{Ассирия (Q41137)}
                                                  ), поскольку они являются ...

? 

! LaTeX Error: Undefined color `urlcolor'.

See the LaTeX manual or LaTeX Companion for explanation.
Type  H <return>  for immediate help.
 ...                                              
                                                  
l.202 ...%3F_image.%20%7D%0A%7D%0A}{SPARQL-запрос}
                                                  , возвращающий более двух ...

? 

! LaTeX Error: Undefined color `urlcolor'.

See the LaTeX manual or LaTeX Companion for explanation.
Type  H <return>  for immediate help.
 ...                                              
                                                  
l.204 ...}{"Алфавитный список стран и территорий"}
                                                   Русской Википедии существ...

? 

! LaTeX Error: Undefined color `urlcolor'.

See the LaTeX manual or LaTeX Companion for explanation.
Type  H <return>  for immediate help.
 ...                                              
                                                  
l.204 ...ps://www.wikidata.org/wiki/Q1246}{Косово}
                                                  )
? 

! LaTeX Error: Undefined color `urlcolor'.

See the LaTeX manual or LaTeX Companion for explanation.
Type  H <return>  for immediate help.
 ...                                              
                                                  
l.206 ...reign_states}{"List of sovereign states"}
                                                   Английской Википедии суще...

? 

! LaTeX Error: Undefined color `urlcolor'.

See the LaTeX manual or LaTeX Companion for explanation.
Type  H <return>  for immediate help.
 ...                                              
                                                  
l.209 ...w.wikidata.org/wiki/Q159} {Russia (Q159)}
                                                  ). Так же некоторым соврем...

? 

! LaTeX Error: Undefined color `urlcolor'.

See the LaTeX manual or LaTeX Companion for explanation.
Type  H <return>  for immediate help.
 ...                                              
                                                  
l.209 ....wikidata.org/wiki/Q711}{Монголия (Q711)}
                                                  ).
? 
Package babel Info: Redefining russian shorthand "|
(babel)             in language  on input line 210.
Package babel Info: Redefining russian shorthand "~
(babel)             in language  on input line 210.
Package babel Info: Redefining russian shorthand "|
(babel)             in language  on input line 210.
Package babel Info: Redefining russian shorthand "~
(babel)             in language  on input line 210.
[2]
Package babel Info: Redefining russian shorthand "|
(babel)             in language  on input line 212.
Package babel Info: Redefining russian shorthand "~
(babel)             in language  on input line 212.


! LaTeX Error: Undefined color `urlcolor'.

See the LaTeX manual or LaTeX Companion for explanation.
Type  H <return>  for immediate help.
 ...                                              
                                                  
l.217 ....wikidata.org/wiki/Q6256}{страна (Q6256)}
                                                  ,
? 

! LaTeX Error: Undefined color `urlcolor'.

See the LaTeX manual or LaTeX Companion for explanation.
Type  H <return>  for immediate help.
 ...                                              
                                                  
l.218 ...iki/Property:P571}{дата основания (P571)}
                                                  .
? 

! LaTeX Error: Undefined color `urlcolor'.

See the LaTeX manual or LaTeX Companion for explanation.
Type  H <return>  for immediate help.
 ...                                              
                                                  
l.233 ...22en%22%20%7D%0A%7D%0A%0A}{SPARQL-запрос}
                                                  , 100 записей.
? 
Package babel Info: Redefining russian shorthand "|
(babel)             in language  on input line 237.
Package babel Info: Redefining russian shorthand "~
(babel)             in language  on input line 237.

! LaTeX Error: Undefined color `urlcolor'.

See the LaTeX manual or LaTeX Companion for explanation.
Type  H <return>  for immediate help.
 ...                                              
                                                  
l.243 ....wikidata.org/wiki/Q6256}{страна (Q6256)}
                                                  ,
? 

! LaTeX Error: Undefined color `urlcolor'.

See the LaTeX manual or LaTeX Companion for explanation.
Type  H <return>  for immediate help.
 ...                                              
                                                  
l.244 ...wiki/Property:P1549}{этнохороним (P1549)}
                                                  .
? 
Package babel Info: Redefining russian shorthand "|
(babel)             in language  on input line 260.
Package babel Info: Redefining russian shorthand "~
(babel)             in language  on input line 260.
Package babel Info: Redefining russian shorthand "|
(babel)             in language  on input line 260.
Package babel Info: Redefining russian shorthand "~
(babel)             in language  on input line 260.
[3]

! LaTeX Error: Undefined color `urlcolor'.

See the LaTeX manual or LaTeX Companion for explanation.
Type  H <return>  for immediate help.
 ...                                              
                                                  
l.262 ...country%20%3FcountryLabel}{SPARQL-запрос}
                                                  , 28 записей.
? 
Package babel Info: Redefining russian shorthand "|
(babel)             in language  on input line 266.
Package babel Info: Redefining russian shorthand "~
(babel)             in language  on input line 266.

! LaTeX Error: Undefined color `urlcolor'.

See the LaTeX manual or LaTeX Companion for explanation.
Type  H <return>  for immediate help.
 ...                                              
                                                  
l.283 ...ge%20%22ru%22%20%7D%0A%7D}{SPARQL-запрос}
                                                  , 83 записей.
? 
Package babel Info: Redefining russian shorthand "|
(babel)             in language  on input line 287.
Package babel Info: Redefining russian shorthand "~
(babel)             in language  on input line 287.

! LaTeX Error: Undefined color `urlcolor'.

See the LaTeX manual or LaTeX Companion for explanation.
Type  H <return>  for immediate help.
 ...                                              
                                                  
l.307 ...country%20%3FcountryLabel}{SPARQL-запрос}
                                                  , 170 записей.
? 
Package babel Info: Redefining russian shorthand "|
(babel)             in language  on input line 313.
Package babel Info: Redefining russian shorthand "~
(babel)             in language  on input line 313.
Package babel Info: Redefining russian shorthand "|
(babel)             in language  on input line 317.
Package babel Info: Redefining russian shorthand "~
(babel)             in language  on input line 317.
Package babel Info: Redefining russian shorthand "|
(babel)             in language  on input line 317.
Package babel Info: Redefining russian shorthand "~
(babel)             in language  on input line 317.
[4]
LaTeX Font Info:    Font shape `OMS/cmr/m/n' in size <10> not available
(Font)              Font shape `OMS/cmsy/m/n' tried instead on input line 319.


! LaTeX Error: Undefined color `urlcolor'.

See the LaTeX manual or LaTeX Companion for explanation.
Type  H <return>  for immediate help.
 ...                                              
                                                  
l.330 ...Y%20DESC%28%3Fcount%29%0A}{SPARQL-запрос}
                                                  , 199 записей.
? 
Package babel Info: Redefining russian shorthand "|
(babel)             in language  on input line 334.
Package babel Info: Redefining russian shorthand "~
(babel)             in language  on input line 334.

! LaTeX Error: Undefined color `urlcolor'.

See the LaTeX manual or LaTeX Companion for explanation.
Type  H <return>  for immediate help.
 ...                                              
                                                  
l.339 ....wikidata.org/wiki/Q6256}{страна (Q6256)}
                                                  ,
? 

! LaTeX Error: Undefined color `urlcolor'.

See the LaTeX manual or LaTeX Companion for explanation.
Type  H <return>  for immediate help.
 ...                                              
                                                  
l.340 ...ki/Property:P122}{форма правления (P122)}
                                                  .
? 

! LaTeX Error: Undefined color `urlcolor'.

See the LaTeX manual or LaTeX Companion for explanation.
Type  H <return>  for immediate help.
 ...                                              
                                                  
l.360 ...unt%29%20ASC%28%3Fform%29}{SPARQL-запрос}
                                                  , 30 записей.
? 
Package epstopdf Info: Source file: <Bubble_chart_forms_of_government_countries
_accordi.eps>
(epstopdf)                    date: 2017-10-26 11:56:41
(epstopdf)                    size: 1784042 bytes
(epstopdf)             Output file: <Bubble_chart_forms_of_government_countries
_accordi-eps-converted-to.pdf>
(epstopdf)                    date: 2017-10-26 11:56:41
(epstopdf)                    size: 64029 bytes
(epstopdf)             Command: <repstopdf --outfile=Bubble_chart_forms_of_gove
rnment_countries_accordi-eps-converted-to.pdf Bubble_chart_forms_of_government_
countries_accordi.eps>
(epstopdf)             \includegraphics on input line 362.
Package epstopdf Info: Output file is already uptodate.

<Bubble_chart_forms_of_government_countries_accordi-eps-converted-to.pdf, id=17
8, 578.16pt x 509.905pt>
File: Bubble_chart_forms_of_government_countries_accordi-eps-converted-to.pdf G
raphic file (type pdf)

<use Bubble_chart_forms_of_government_countries_accordi-eps-converted-to.pdf>
Package pdftex.def Info: Bubble_chart_forms_of_government_countries_accordi-eps
-converted-to.pdf used on input line 362.
(pdftex.def)             Requested size: 236.01561pt x 208.15207pt.
Package babel Info: Redefining russian shorthand "|
(babel)             in language  on input line 364.
Package babel Info: Redefining russian shorthand "~
(babel)             in language  on input line 364.
Package babel Info: Redefining russian shorthand "|
(babel)             in language  on input line 364.
Package babel Info: Redefining russian shorthand "~
(babel)             in language  on input line 364.

[5]

! LaTeX Error: Undefined color `linkcolor'.

See the LaTeX manual or LaTeX Companion for explanation.
Type  H <return>  for immediate help.
 ...                                              
                                                  
l.364 ...ьтате выполнения запроса~\ref{government}
                                                   мы получаем пузырьковую д...

? 
Package babel Info: Redefining russian shorthand "|
(babel)             in language  on input line 367.
Package babel Info: Redefining russian shorthand "~
(babel)             in language  on input line 367.

! LaTeX Error: Undefined color `urlcolor'.

See the LaTeX manual or LaTeX Companion for explanation.
Type  H <return>  for immediate help.
 ...                                              
                                                  
l.372 ....wikidata.org/wiki/Q6256}{страна (Q6256)}
                                                  ,
? 

! LaTeX Error: Undefined color `urlcolor'.

See the LaTeX manual or LaTeX Companion for explanation.
Type  H <return>  for immediate help.
 ...                                              
                                                  
l.373 ...wiki/Property:P47}{имеет границы с (P47)}
                                                  .
? 

! LaTeX Error: Undefined color `urlcolor'.

See the LaTeX manual or LaTeX Companion for explanation.
Type  H <return>  for immediate help.
 ...                                              
                                                  
l.389 ...ith%20.%20%7D%0A%0A%7D%0A}{SPARQL-запрос}
                                                  , 787 записей.
? 
Package epstopdf Info: Source file: <Neighboring_countries_graph_in_russian_acc
ording_t.eps>
(epstopdf)                    date: 2017-10-26 11:56:41
(epstopdf)                    size: 818633 bytes
(epstopdf)             Output file: <Neighboring_countries_graph_in_russian_acc
ording_t-eps-converted-to.pdf>
(epstopdf)                    date: 2017-10-26 11:56:41
(epstopdf)                    size: 86091 bytes
(epstopdf)             Command: <repstopdf --outfile=Neighboring_countries_grap
h_in_russian_according_t-eps-converted-to.pdf Neighboring_countries_graph_in_ru
ssian_according_t.eps>
(epstopdf)             \includegraphics on input line 391.
Package epstopdf Info: Output file is already uptodate.

<Neighboring_countries_graph_in_russian_according_t-eps-converted-to.pdf, id=21
3, 198.7425pt x 117.43875pt>
File: Neighboring_countries_graph_in_russian_according_t-eps-converted-to.pdf G
raphic file (type pdf)

<use Neighboring_countries_graph_in_russian_according_t-eps-converted-to.pdf>
Package pdftex.def Info: Neighboring_countries_graph_in_russian_according_t-eps
-converted-to.pdf used on input line 391.
(pdftex.def)             Requested size: 472.03123pt x 278.9593pt.

Overfull \hbox (17.62482pt too wide) in paragraph at lines 391--392
[][] 
 []


Underfull \vbox (badness 7468) has occurred while \output is active []

Package babel Info: Redefining russian shorthand "|
(babel)             in language  on input line 393.
Package babel Info: Redefining russian shorthand "~
(babel)             in language  on input line 393.
Package babel Info: Redefining russian shorthand "|
(babel)             in language  on input line 393.
Package babel Info: Redefining russian shorthand "~
(babel)             in language  on input line 393.
 [6 <./Bubble_chart_forms_of_government_countries_accordi-eps-converted-to.pdf>
]

LaTeX Warning: Reference `808983' on page 7 undefined on input line 393.


! LaTeX Error: Undefined color `urlcolor'.

See the LaTeX manual or LaTeX Companion for explanation.
Type  H <return>  for immediate help.
 ...                                              
                                                  
l.393 ...https://www.wikidata.org/Q1027}{Маврикий}
                                                  , \href{https://www.wikida...

? 

! LaTeX Error: Undefined color `urlcolor'.

See the LaTeX manual or LaTeX Companion for explanation.
Type  H <return>  for immediate help.
 ...                                              
                                                  
l.393 ...{https://www.wikidata.org/Q826}{Мальдивы}
                                                  , \href{https://www.wikida...

? 

! LaTeX Error: Undefined color `urlcolor'.

See the LaTeX manual or LaTeX Companion for explanation.
Type  H <return>  for immediate help.
 ...                                              
                                                  
l.393 ...tps://www.wikidata.org/Q1019}{Мадагаскар}
                                                  ).
? 
Package babel Info: Redefining russian shorthand "|
(babel)             in language  on input line 410.
Package babel Info: Redefining russian shorthand "~
(babel)             in language  on input line 410.
Package babel Info: Redefining russian shorthand "|
(babel)             in language  on input line 410.
Package babel Info: Redefining russian shorthand "~
(babel)             in language  on input line 410.
[7 <./Neighboring_countries_graph_in_russian_according_t-eps-converted-to.pdf>]
Package babel Info: Redefining russian shorthand "|
(babel)             in language  on input line 441.
Package babel Info: Redefining russian shorthand "~
(babel)             in language  on input line 441.
Package babel Info: Redefining russian shorthand "|
(babel)             in language  on input line 441.
Package babel Info: Redefining russian shorthand "~
(babel)             in language  on input line 441.
[8]
Underfull \hbox (badness 10000) in paragraph at lines 451--454
[]\T2A/cmr/m/it/12 Агаев Г. Н., Виленкин Н. Я., Джафарли Г. М., Рубинштейн А. И
.
 []


Underfull \hbox (badness 2478) in paragraph at lines 451--454
\T2A/cmr/m/n/12 Мультипликативные системы функций и гармонический анализ на нул
ьмерных
 []


Underfull \hbox (badness 3769) in paragraph at lines 512--516
[]\T2A/cmr/m/it/12 Орлянская И. В. \T2A/cmr/m/n/12 Современные подходы к постро
ению методов глобальной
 []


Underfull \hbox (badness 10000) in paragraph at lines 517--522
[]\T2A/cmr/m/n/12 Orlyanskaya I. V. Modern approaches to global optimization me
thods
 []


Underfull \hbox (badness 10000) in paragraph at lines 517--522
\T2A/cmr/m/n/12 building. \T2A/cmr/m/it/12 Online journal <<Issledovano v Rossi
i>>\T2A/cmr/m/n/12 , pp. 2097--2108. Available at:
 []


Underfull \hbox (badness 1147) in paragraph at lines 525--529
[]\T2A/cmr/m/it/12 Челноков Ю. Н. \T2A/cmr/m/n/12 Оптимальная переориентация ор
биты космического аппарата
 []


Underfull \hbox (badness 1946) in paragraph at lines 525--529
\T2A/cmr/m/n/12 посредством реактивной тяги, ортогональной плоскости орбиты // 
Математика.
 []


Underfull \hbox (badness 4752) in paragraph at lines 530--536
[]\T2A/cmr/m/n/12 Chelnokov Yu. N. Optimal'naja pereorientacija orbity kosmiche
skogo apparata
 []

Package babel Info: Redefining russian shorthand "|
(babel)             in language  on input line 536.
Package babel Info: Redefining russian shorthand "~
(babel)             in language  on input line 536.
Package babel Info: Redefining russian shorthand "|
(babel)             in language  on input line 536.
Package babel Info: Redefining russian shorthand "~
(babel)             in language  on input line 536.
[9]
Underfull \hbox (badness 1521) in paragraph at lines 539--543
\T2A/cmr/m/n/12 производных с карлемановским сдвигом // Дифференциальные уравне
ния и их
 []

Package atveryend Info: Empty hook `BeforeClearDocument' on input line 579.
Package babel Info: Redefining russian shorthand "|
(babel)             in language  on input line 579.
Package babel Info: Redefining russian shorthand "~
(babel)             in language  on input line 579.
Package babel Info: Redefining russian shorthand "|
(babel)             in language  on input line 579.
Package babel Info: Redefining russian shorthand "~
(babel)             in language  on input line 579.
[10]
Package atveryend Info: Empty hook `AfterLastShipout' on input line 579.
 (./Smykova.aux)
Package atveryend Info: Executing hook `AtVeryEndDocument' on input line 579.
Package atveryend Info: Executing hook `AtEndAfterFileList' on input line 579.
Package rerunfilecheck Info: File `Smykova.out' has not changed.
(rerunfilecheck)             Checksum: 2E43143D423F68F8B4865F95FD3CE017;2540.


LaTeX Font Warning: Size substitutions with differences
(Font)              up to 0.5pt have occurred.


LaTeX Font Warning: Some font shapes were not available, defaults substituted.


LaTeX Warning: There were undefined references.

Package atveryend Info: Empty hook `AtVeryVeryEnd' on input line 579.
 ) 
Here is how much of TeX's memory you used:
 15984 strings out of 493013
 212401 string characters out of 6135682
 407650 words of memory out of 5000000
 19172 multiletter control sequences out of 15000+600000
 28532 words of font info for 79 fonts, out of 8000000 for 9000
 1141 hyphenation exceptions out of 8191
 31i,12n,45p,1466b,1118s stack positions out of 5000i,500n,10000p,200000b,80000s
{/usr/share/texmf/fonts/enc/dvips/cm-super/cm-super-t2a.enc}</usr/share/texli
ve/texmf-dist/fonts/type1/public/amsfonts/cm/cmr8.pfb></usr/share/texlive/texmf
-dist/fonts/type1/public/amsfonts/cm/cmsy10.pfb></usr/share/texmf/fonts/type1/p
ublic/cm-super/sfbi1200.pfb></usr/share/texmf/fonts/type1/public/cm-super/sfbx1
200.pfb></usr/share/texmf/fonts/type1/public/cm-super/sfrm0600.pfb></usr/share/
texmf/fonts/type1/public/cm-super/sfrm1000.pfb></usr/share/texmf/fonts/type1/pu
blic/cm-super/sfrm1095.pfb></usr/share/texmf/fonts/type1/public/cm-super/sfrm12
00.pfb></usr/share/texmf/fonts/type1/public/cm-super/sfsi1095.pfb></usr/share/t
exmf/fonts/type1/public/cm-super/sfss1095.pfb></usr/share/texmf/fonts/type1/pub
lic/cm-super/sfss1200.pfb></usr/share/texmf/fonts/type1/public/cm-super/sfsx109
5.pfb></usr/share/texmf/fonts/type1/public/cm-super/sfsx1200.pfb></usr/share/te
xmf/fonts/type1/public/cm-super/sfsx1440.pfb></usr/share/texmf/fonts/type1/publ
ic/cm-super/sfti1095.pfb></usr/share/texmf/fonts/type1/public/cm-super/sfti1200
.pfb>
Output written on Smykova.pdf (10 pages, 506697 bytes).
PDF statistics:
 345 PDF objects out of 1000 (max. 8388607)
 309 compressed objects within 4 object streams
 129 named destinations out of 1000 (max. 500000)
 91 words of extra memory for PDF output out of 10000 (max. 10000000)

